Command line:
   tb_top_isim_beh.exe
     -simmode  gui
     -simrunnum  0
     -socket  59499

Tue Dec 17 14:44:04 2019


 Elaboration Time: 0.203125 sec

 Current Memory Usage: 5260.67 Meg

 Total Signals          : 209
 Total Nets             : 131474
 Total Signal Drivers   : 89
 Total Blocks           : 15
 Total Primitive Blocks : 11
 Total Processes        : 60
 Total Traceable Variables  : 35
 Total Scalar Nets and Variables : 197717
Total Line Count : 383
Total Line Count : 383

 Total Simulation Time: 14.5469 sec

 Current Memory Usage: 4788.81 Meg

Tue Dec 17 16:20:29 2019

