ISim log file
Running: C:\SharedVmchine\NDI_mask_meng\vga_graphic\tb_top_isim_beh.exe -intstyle ise -gui -tclbatch isim.cmd -wdb C:/SharedVmchine/NDI_mask_meng/vga_graphic/tb_top_isim_beh.wdb 
ISim P.20131013 (signature 0x7708f090)
WARNING: A WEBPACK license was found.
WARNING: Please use Xilinx License Configuration Manager to check out a full ISim license.
WARNING: ISim will run in Lite mode. Please refer to the ISim documentation for more information on the differences between the Lite and the Full version.
This is a Lite version of ISim.
Time resolution is 1 ps
# onerror resume
# wave add /
# run 1000 ns
Simulator is doing circuit initialization process.
at 0 ps, Instance /tb_top/uut/info_generator/ : Warning: NUMERIC_STD.TO_INTEGER: metavalue detected, returning 0
at 0 ps, Instance /tb_top/uut/info_generator/ : Warning: NUMERIC_STD.TO_INTEGER: metavalue detected, returning 0
at 0 ps, Instance /tb_top/uut/gui_sprite_decoder/ : Warning: NUMERIC_STD.TO_INTEGER: metavalue detected, returning 0
at 0 ps, Instance /tb_top/uut/gui_sprite_decoder/ : Warning: NUMERIC_STD.TO_INTEGER: metavalue detected, returning 0
at 0 ps, Instance /tb_top/uut/gui_sprite_decoder/ : Warning: NUMERIC_STD.TO_INTEGER: metavalue detected, returning 0
at 0 ps, Instance /tb_top/uut/gui_sprite_decoder/ : Warning: NUMERIC_STD.TO_INTEGER: metavalue detected, returning 0
at 0 ps, Instance /tb_top/uut/synchronizer/ : Warning: NUMERIC_STD.TO_INTEGER: metavalue detected, returning 0
at 0 ps, Instance /tb_top/uut/synchronizer/ : Warning: NUMERIC_STD.TO_INTEGER: metavalue detected, returning 0
at 0 ps, Instance /tb_top/uut/lvl_load_generator/ : Warning: NUMERIC_STD.TO_INTEGER: metavalue detected, returning 0
at 0 ps, Instance /tb_top/uut/lvl_load_generator/ : Warning: NUMERIC_STD.TO_INTEGER: metavalue detected, returning 0
at 0 ps, Instance /tb_top/uut/graphics_generator/ : Warning: NUMERIC_STD.TO_INTEGER: metavalue detected, returning 0
at 0 ps, Instance /tb_top/uut/graphics_generator/ : Warning: NUMERIC_STD.TO_INTEGER: metavalue detected, returning 0
at 0 ps, Instance /tb_top/uut/graphics_generator/ : Warning: NUMERIC_STD.TO_INTEGER: metavalue detected, returning 0
at 0 ps, Instance /tb_top/uut/graphics_generator/ : Warning: NUMERIC_STD.TO_INTEGER: metavalue detected, returning 0
Finished circuit initialization process.
at 30 ns(1), Instance /tb_top/uut/letters_numbers_rom/ : Warning: NUMERIC_STD.TO_INTEGER: metavalue detected, returning 0
# restart
# run 14ms
Simulator is doing circuit initialization process.
at 0 ps, Instance /tb_top/uut/info_generator/ : Warning: NUMERIC_STD.TO_INTEGER: metavalue detected, returning 0
at 0 ps, Instance /tb_top/uut/info_generator/ : Warning: NUMERIC_STD.TO_INTEGER: metavalue detected, returning 0
at 0 ps, Instance /tb_top/uut/gui_sprite_decoder/ : Warning: NUMERIC_STD.TO_INTEGER: metavalue detected, returning 0
at 0 ps, Instance /tb_top/uut/gui_sprite_decoder/ : Warning: NUMERIC_STD.TO_INTEGER: metavalue detected, returning 0
at 0 ps, Instance /tb_top/uut/gui_sprite_decoder/ : Warning: NUMERIC_STD.TO_INTEGER: metavalue detected, returning 0
at 0 ps, Instance /tb_top/uut/gui_sprite_decoder/ : Warning: NUMERIC_STD.TO_INTEGER: metavalue detected, returning 0
at 0 ps, Instance /tb_top/uut/synchronizer/ : Warning: NUMERIC_STD.TO_INTEGER: metavalue detected, returning 0
at 0 ps, Instance /tb_top/uut/synchronizer/ : Warning: NUMERIC_STD.TO_INTEGER: metavalue detected, returning 0
at 0 ps, Instance /tb_top/uut/lvl_load_generator/ : Warning: NUMERIC_STD.TO_INTEGER: metavalue detected, returning 0
at 0 ps, Instance /tb_top/uut/lvl_load_generator/ : Warning: NUMERIC_STD.TO_INTEGER: metavalue detected, returning 0
at 0 ps, Instance /tb_top/uut/graphics_generator/ : Warning: NUMERIC_STD.TO_INTEGER: metavalue detected, returning 0
at 0 ps, Instance /tb_top/uut/graphics_generator/ : Warning: NUMERIC_STD.TO_INTEGER: metavalue detected, returning 0
at 0 ps, Instance /tb_top/uut/graphics_generator/ : Warning: NUMERIC_STD.TO_INTEGER: metavalue detected, returning 0
at 0 ps, Instance /tb_top/uut/graphics_generator/ : Warning: NUMERIC_STD.TO_INTEGER: metavalue detected, returning 0
Finished circuit initialization process.
at 30 ns(1), Instance /tb_top/uut/letters_numbers_rom/ : Warning: NUMERIC_STD.TO_INTEGER: metavalue detected, returning 0
# show driver /tb_top/uut/graphics_generator/pixx
Driver for /tb_top/uut/graphics_generator/pixx[0]
	'0'	: /tb_top/uut/:199
		  in File "C:/SharedVmchine/NDI_mask_meng/vga_graphic/top.vhd" Line 199

Driver for /tb_top/uut/graphics_generator/pixx[10]
	'1'	: /tb_top/uut/:199
		  in File "C:/SharedVmchine/NDI_mask_meng/vga_graphic/top.vhd" Line 199

Driver for /tb_top/uut/graphics_generator/pixx[1]
	'0'	: /tb_top/uut/:199
		  in File "C:/SharedVmchine/NDI_mask_meng/vga_graphic/top.vhd" Line 199

Driver for /tb_top/uut/graphics_generator/pixx[2]
	'0'	: /tb_top/uut/:199
		  in File "C:/SharedVmchine/NDI_mask_meng/vga_graphic/top.vhd" Line 199

Driver for /tb_top/uut/graphics_generator/pixx[3]
	'0'	: /tb_top/uut/:199
		  in File "C:/SharedVmchine/NDI_mask_meng/vga_graphic/top.vhd" Line 199

Driver for /tb_top/uut/graphics_generator/pixx[4]
	'1'	: /tb_top/uut/:199
		  in File "C:/SharedVmchine/NDI_mask_meng/vga_graphic/top.vhd" Line 199

Driver for /tb_top/uut/graphics_generator/pixx[5]
	'1'	: /tb_top/uut/:199
		  in File "C:/SharedVmchine/NDI_mask_meng/vga_graphic/top.vhd" Line 199

Driver for /tb_top/uut/graphics_generator/pixx[6]
	'0'	: /tb_top/uut/:199
		  in File "C:/SharedVmchine/NDI_mask_meng/vga_graphic/top.vhd" Line 199

Driver for /tb_top/uut/graphics_generator/pixx[7]
	'1'	: /tb_top/uut/:199
		  in File "C:/SharedVmchine/NDI_mask_meng/vga_graphic/top.vhd" Line 199

Driver for /tb_top/uut/graphics_generator/pixx[8]
	'0'	: /tb_top/uut/:199
		  in File "C:/SharedVmchine/NDI_mask_meng/vga_graphic/top.vhd" Line 199

Driver for /tb_top/uut/graphics_generator/pixx[9]
	'0'	: /tb_top/uut/:199
		  in File "C:/SharedVmchine/NDI_mask_meng/vga_graphic/top.vhd" Line 199

